Arguments: 
  C:\Program Files\nodejs\node.exe C:\Users\tr43o\AppData\Roaming\npm\node_modules\yarn\bin\yarn.js add @remixicon/react

PATH: 
  C:\Users\tr43o\bin;C:\Program Files\Git\mingw64\bin;C:\Program Files\Git\usr\local\bin;C:\Program Files\Git\usr\bin;C:\Program Files\Git\usr\bin;C:\Program Files\Git\mingw64\bin;C:\Program Files\Git\usr\bin;C:\Users\tr43o\bin;C:\Program Files\Common Files\Oracle\Java\javapath;C:\Program Files (x86)\Common Files\Oracle\Java\javapath;C:\Windows\system32;C:\Windows;C:\Windows\System32\Wbem;C:\Windows\System32\WindowsPowerShell\v1.0;C:\Windows\System32\OpenSSH;C:\Program Files\Git\cmd;C:\Program Files\NVIDIA Corporation\NVIDIA NvDLISR;C:\ProgramData\chocolatey\bin;C:\Program Files (x86)\ZeroTier\One;C:\Program Files\Go\bin;C:\Program Files\nodejs;C:\Program Files (x86)\NVIDIA Corporation\PhysX\Common;C:\Program Files\Docker\Docker\resources\bin;C:\Program Files\dotnet;C:\Program Files\WireGuard;C:\Program Files (x86)\cloudflared;C:\Users\tr43o\AppData\Local\pnpm;C:\Users\tr43o\scoop\shims;C:\Users\tr43o\AppData\Local\Microsoft\WindowsApps;C:\Users\tr43o\AppData\Local\Programs\Microsoft VS Code\bin;C:\Users\tr43o\go\bin;C:\Users\tr43o\AppData\Roaming\npm;C:\Users\tr43o\AppData\Local\GitHubDesktop\bin;C:\Program Files\Git\usr\bin\vendor_perl;C:\Program Files\Git\usr\bin\core_perl

Yarn version: 
  1.22.19

Node version: 
  20.11.1

Platform: 
  win32 x64

Trace: 
  Error: ENOENT: no such file or directory, copyfile 'C:\Users\tr43o\AppData\Local\Yarn\Cache\v6\npm-glob-7.2.3-b8df0fb802bbfa8e89bd1d938b4e16578ed44f2b-integrity\node_modules\glob\common.js' -> 'D:\projects\payload-website\node_modules\copyfiles\node_modules\glob\common.js'

npm manifest: 
  {
    "name": "payload-website",
    "version": "1.0.0",
    "description": "Website template for Payload",
    "license": "MIT",
    "type": "module",
    "scripts": {
      "build": "cross-env NODE_OPTIONS=--no-deprecation next build",
      "postbuild": "next-sitemap --config next-sitemap.config.cjs",
      "dev": "cross-env NODE_OPTIONS=--no-deprecation next dev",
      "dev:prod": "cross-env NODE_OPTIONS=--no-deprecation rm -rf .next && pnpm build && pnpm start",
      "generate:importmap": "cross-env NODE_OPTIONS=--no-deprecation payload generate:importmap",
      "generate:types": "cross-env NODE_OPTIONS=--no-deprecation payload generate:types",
      "ii": "cross-env NODE_OPTIONS=--no-deprecation pnpm --ignore-workspace install",
      "lint": "cross-env NODE_OPTIONS=--no-deprecation next lint",
      "lint:fix": "cross-env NODE_OPTIONS=--no-deprecation next lint --fix",
      "payload": "cross-env NODE_OPTIONS=--no-deprecation payload",
      "reinstall": "cross-env NODE_OPTIONS=--no-deprecation rm -rf node_modules && rm pnpm-lock.yaml && pnpm --ignore-workspace install",
      "start": "cross-env NODE_OPTIONS=--no-deprecation next start"
    },
    "dependencies": {
      "@payloadcms/live-preview-react": "3.9.0",
      "@payloadcms/next": "3.9.0",
      "@payloadcms/payload-cloud": "3.9.0",
      "@payloadcms/plugin-form-builder": "3.9.0",
      "@payloadcms/plugin-nested-docs": "3.9.0",
      "@payloadcms/plugin-redirects": "3.9.0",
      "@payloadcms/plugin-search": "3.9.0",
      "@payloadcms/plugin-seo": "3.9.0",
      "@payloadcms/richtext-lexical": "3.9.0",
      "@payloadcms/ui": "3.9.0",
      "@radix-ui/react-checkbox": "^1.0.4",
      "@radix-ui/react-label": "^2.0.2",
      "@radix-ui/react-select": "^2.0.0",
      "@radix-ui/react-slot": "^1.0.2",
      "class-variance-authority": "^0.7.0",
      "clsx": "^2.1.1",
      "cross-env": "^7.0.3",
      "geist": "^1.3.0",
      "graphql": "^16.8.2",
      "lucide-react": "^0.378.0",
      "next": "^15.1.0",
      "next-sitemap": "^4.2.3",
      "payload": "3.9.0",
      "payload-admin-bar": "^1.0.6",
      "prism-react-renderer": "^2.3.1",
      "react": "^19.0.0",
      "react-dom": "^19.0.0",
      "react-hook-form": "7.45.4",
      "sharp": "0.32.6",
      "tailwind-merge": "^2.3.0",
      "tailwindcss-animate": "^1.0.7",
      "@payloadcms/db-postgres": "3.9.0"
    },
    "devDependencies": {
      "@eslint/eslintrc": "^3.2.0",
      "@tailwindcss/typography": "^0.5.13",
      "@types/escape-html": "^1.0.2",
      "@types/node": "22.5.4",
      "@types/react": "19.0.1",
      "@types/react-dom": "19.0.1",
      "autoprefixer": "^10.4.19",
      "copyfiles": "^2.4.1",
      "eslint": "^9.16.0",
      "eslint-config-next": "15.1.0",
      "postcss": "^8.4.38",
      "prettier": "^3.4.2",
      "tailwindcss": "^3.4.3",
      "typescript": "5.7.2"
    },
    "engines": {
      "node": "^18.20.2 || >=20.9.0"
    }
  }

yarn manifest: 
  No manifest

Lockfile: 
  No lockfile
